  fireworks.cpp
E:\C++_Test\Fireworks\Fireworks\fireworks.cpp(13): warning C4244: “参数”: 从“time_t”转换到“unsigned int”，可能丢失数据
E:\C++_Test\Fireworks\Fireworks\fireworks.cpp(23): warning C4311: “类型强制转换”: 从“MCI_OPEN_PARMS *”到“DWORD”的指针截断
E:\C++_Test\Fireworks\Fireworks\fireworks.cpp(23): warning C4302: “类型强制转换”: 从“MCI_OPEN_PARMS *”到“DWORD”截断
E:\C++_Test\Fireworks\Fireworks\fireworks.cpp(31): warning C4311: “类型强制转换”: 从“MCI_PLAY_PARMS *”到“DWORD”的指针截断
E:\C++_Test\Fireworks\Fireworks\fireworks.cpp(31): warning C4302: “类型强制转换”: 从“MCI_PLAY_PARMS *”到“DWORD”截断
EasyXw.lib(Image.obj) : error LNK2019: 无法解析的外部符号 __imp_BitBlt，该符号在函数 "public: __cdecl IMAGE::IMAGE(class IMAGE const &)" (??0IMAGE@@QEAA@AEBV0@@Z) 中被引用
EasyXw.lib(EasyX.ImageFunc.obj) : error LNK2001: 无法解析的外部符号 __imp_BitBlt
EasyXw.lib(EasyX.GraphWnd.obj) : error LNK2001: 无法解析的外部符号 __imp_BitBlt
EasyXw.lib(EasyX.DrawOnWnd.obj) : error LNK2001: 无法解析的外部符号 __imp_BitBlt
EasyXw.lib(Image.obj) : error LNK2019: 无法解析的外部符号 __imp_CreateCompatibleDC，该符号在函数 "public: __cdecl IMAGE::IMAGE(class IMAGE const &)" (??0IMAGE@@QEAA@AEBV0@@Z) 中被引用
EasyXw.lib(EasyX.InputBox.obj) : error LNK2001: 无法解析的外部符号 __imp_CreateCompatibleDC
EasyXw.lib(Image.obj) : error LNK2019: 无法解析的外部符号 __imp_CreateFontIndirectW，该符号在函数 "public: virtual void __cdecl IMAGE::SetDefault(void)" (?SetDefault@IMAGE@@UEAAXXZ) 中被引用
EasyXw.lib(EasyX.GraphWnd.obj) : error LNK2001: 无法解析的外部符号 __imp_CreateFontIndirectW
EasyXw.lib(EasyX.InputBox.obj) : error LNK2001: 无法解析的外部符号 __imp_CreateFontIndirectW
EasyXw.lib(EasyX.DrawOnImg.obj) : error LNK2001: 无法解析的外部符号 __imp_CreateFontIndirectW
EasyXw.lib(Image.obj) : error LNK2019: 无法解析的外部符号 __imp_CreatePen，该符号在函数 "public: virtual void __cdecl IMAGE::SetDefault(void)" (?SetDefault@IMAGE@@UEAAXXZ) 中被引用
EasyXw.lib(EasyX.GraphWnd.obj) : error LNK2001: 无法解析的外部符号 __imp_CreatePen
EasyXw.lib(Image.obj) : error LNK2019: 无法解析的外部符号 __imp_CreateSolidBrush，该符号在函数 "public: virtual void __cdecl IMAGE::SetDefault(void)" (?SetDefault@IMAGE@@UEAAXXZ) 中被引用
EasyXw.lib(EasyX.GraphWnd.obj) : error LNK2001: 无法解析的外部符号 __imp_CreateSolidBrush
EasyXw.lib(EasyX.DrawOnImg.obj) : error LNK2001: 无法解析的外部符号 __imp_CreateSolidBrush
EasyXw.lib(Image.obj) : error LNK2019: 无法解析的外部符号 __imp_DeleteDC，该符号在函数 "public: __cdecl IMAGE::IMAGE(int,int)" (??0IMAGE@@QEAA@HH@Z) 中被引用
EasyXw.lib(EasyX.InputBox.obj) : error LNK2001: 无法解析的外部符号 __imp_DeleteDC
EasyXw.lib(EasyX.DrawOnImg.obj) : error LNK2001: 无法解析的外部符号 __imp_DeleteObject
EasyXw.lib(Image.obj) : error LNK2001: 无法解析的外部符号 __imp_DeleteObject
EasyXw.lib(EasyX.ImageFunc.obj) : error LNK2001: 无法解析的外部符号 __imp_DeleteObject
EasyXw.lib(EasyX.GraphWnd.obj) : error LNK2001: 无法解析的外部符号 __imp_DeleteObject
EasyXw.lib(EasyX.InputBox.obj) : error LNK2001: 无法解析的外部符号 __imp_DeleteObject
EasyXw.lib(Image.obj) : error LNK2019: 无法解析的外部符号 __imp_GetStockObject，该符号在函数 "public: virtual __cdecl IMAGE::~IMAGE(void)" (??1IMAGE@@UEAA@XZ) 中被引用
EasyXw.lib(EasyX.GraphWnd.obj) : error LNK2001: 无法解析的外部符号 __imp_GetStockObject
EasyXw.lib(EasyX.DrawOnImg.obj) : error LNK2001: 无法解析的外部符号 __imp_GetStockObject
EasyXw.lib(Image.obj) : error LNK2019: 无法解析的外部符号 __imp_SelectClipRgn，该符号在函数 "public: virtual void __cdecl IMAGE::SetDefault(void)" (?SetDefault@IMAGE@@UEAAXXZ) 中被引用
EasyXw.lib(EasyX.GraphWnd.obj) : error LNK2001: 无法解析的外部符号 __imp_SelectClipRgn
EasyXw.lib(EasyX.DrawOnImg.obj) : error LNK2001: 无法解析的外部符号 __imp_SelectClipRgn
EasyXw.lib(EasyX.DrawOnImg.obj) : error LNK2001: 无法解析的外部符号 __imp_SelectObject
EasyXw.lib(Image.obj) : error LNK2001: 无法解析的外部符号 __imp_SelectObject
EasyXw.lib(EasyX.ImageFunc.obj) : error LNK2001: 无法解析的外部符号 __imp_SelectObject
EasyXw.lib(EasyX.GraphWnd.obj) : error LNK2001: 无法解析的外部符号 __imp_SelectObject
EasyXw.lib(EasyX.InputBox.obj) : error LNK2001: 无法解析的外部符号 __imp_SelectObject
EasyXw.lib(Image.obj) : error LNK2019: 无法解析的外部符号 __imp_SetBkColor，该符号在函数 "public: virtual void __cdecl IMAGE::SetDefault(void)" (?SetDefault@IMAGE@@UEAAXXZ) 中被引用
EasyXw.lib(EasyX.GraphWnd.obj) : error LNK2001: 无法解析的外部符号 __imp_SetBkColor
EasyXw.lib(EasyX.DrawOnImg.obj) : error LNK2001: 无法解析的外部符号 __imp_SetBkColor
EasyXw.lib(Image.obj) : error LNK2019: 无法解析的外部符号 __imp_SetBkMode，该符号在函数 "public: virtual void __cdecl IMAGE::SetDefault(void)" (?SetDefault@IMAGE@@UEAAXXZ) 中被引用
EasyXw.lib(EasyX.GraphWnd.obj) : error LNK2001: 无法解析的外部符号 __imp_SetBkMode
EasyXw.lib(EasyX.DrawOnImg.obj) : error LNK2001: 无法解析的外部符号 __imp_SetBkMode
EasyXw.lib(Image.obj) : error LNK2019: 无法解析的外部符号 __imp_SetGraphicsMode，该符号在函数 "public: virtual void __cdecl IMAGE::SetDefault(void)" (?SetDefault@IMAGE@@UEAAXXZ) 中被引用
EasyXw.lib(EasyX.GraphWnd.obj) : error LNK2001: 无法解析的外部符号 __imp_SetGraphicsMode
EasyXw.lib(Image.obj) : error LNK2019: 无法解析的外部符号 __imp_SetTextColor，该符号在函数 "public: virtual void __cdecl IMAGE::SetDefault(void)" (?SetDefault@IMAGE@@UEAAXXZ) 中被引用
EasyXw.lib(EasyX.GraphWnd.obj) : error LNK2001: 无法解析的外部符号 __imp_SetTextColor
EasyXw.lib(EasyX.DrawOnImg.obj) : error LNK2001: 无法解析的外部符号 __imp_SetTextColor
EasyXw.lib(Image.obj) : error LNK2019: 无法解析的外部符号 __imp_SetWorldTransform，该符号在函数 "public: virtual void __cdecl IMAGE::SetDefault(void)" (?SetDefault@IMAGE@@UEAAXXZ) 中被引用
EasyXw.lib(EasyX.GraphWnd.obj) : error LNK2001: 无法解析的外部符号 __imp_SetWorldTransform
EasyXw.lib(EasyX.DrawOnWnd.obj) : error LNK2001: 无法解析的外部符号 __imp_SetWorldTransform
EasyXw.lib(EasyX.DrawOnImg.obj) : error LNK2001: 无法解析的外部符号 __imp_SetWorldTransform
EasyXw.lib(Image.obj) : error LNK2019: 无法解析的外部符号 __imp_MoveToEx，该符号在函数 "public: virtual void __cdecl IMAGE::SetDefault(void)" (?SetDefault@IMAGE@@UEAAXXZ) 中被引用
EasyXw.lib(EasyX.GraphWnd.obj) : error LNK2001: 无法解析的外部符号 __imp_MoveToEx
EasyXw.lib(EasyX.DrawOnImg.obj) : error LNK2001: 无法解析的外部符号 __imp_MoveToEx
EasyXw.lib(EasyX.ImageFunc.obj) : error LNK2019: 无法解析的外部符号 __imp_CreateDIBSection，该符号在函数 "public: static struct HBITMAP__ * __cdecl EasyX::ImageFunc::CreateBmp(int,int,unsigned long * *)" (?CreateBmp@ImageFunc@EasyX@@SAPEAUHBITMAP__@@HHPEAPEAK@Z) 中被引用
EasyXw.lib(EasyX.ImageFunc.obj) : error LNK2019: 无法解析的外部符号 __imp_CreateStreamOnHGlobal，该符号在函数 "private: static void __cdecl EasyX::ImageFunc::LoadImageFromMem(class EasyX::GlobalMemory *,class IMAGE *,int,int,bool)" (?LoadImageFromMem@ImageFunc@EasyX@@CAXPEAVGlobalMemory@2@PEAVIMAGE@@HH_N@Z) 中被引用
EasyXw.lib(EasyX.Var.obj) : error LNK2019: 无法解析的外部符号 __imp_GdiSetBatchLimit，该符号在函数 "public: __cdecl EasyX::InitGlobalVar::InitGlobalVar(void)" (??0InitGlobalVar@EasyX@@QEAA@XZ) 中被引用
EasyXw.lib(EasyX.GraphWnd.obj) : error LNK2019: 无法解析的外部符号 __imp_TranslateMessage，该符号在函数 "private: static unsigned long __cdecl EasyX::GraphWnd::ThreadFunc(void *)" (?ThreadFunc@GraphWnd@EasyX@@CAKPEAX@Z) 中被引用
EasyXw.lib(EasyX.InputBox.obj) : error LNK2001: 无法解析的外部符号 __imp_TranslateMessage
EasyXw.lib(EasyX.GraphWnd.obj) : error LNK2019: 无法解析的外部符号 __imp_DispatchMessageW，该符号在函数 "private: static unsigned long __cdecl EasyX::GraphWnd::ThreadFunc(void *)" (?ThreadFunc@GraphWnd@EasyX@@CAKPEAX@Z) 中被引用
EasyXw.lib(EasyX.InputBox.obj) : error LNK2001: 无法解析的外部符号 __imp_DispatchMessageW
EasyXw.lib(EasyX.GraphWnd.obj) : error LNK2019: 无法解析的外部符号 __imp_PeekMessageW，该符号在函数 "private: static unsigned long __cdecl EasyX::GraphWnd::ThreadFunc(void *)" (?ThreadFunc@GraphWnd@EasyX@@CAKPEAX@Z) 中被引用
EasyXw.lib(EasyX.GraphWnd.obj) : error LNK2019: 无法解析的外部符号 __imp_SendMessageW，该符号在函数 "public: struct MOUSEMSG __cdecl EasyX::GraphWnd::GetMouseMsg(void)" (?GetMouseMsg@GraphWnd@EasyX@@QEAA?AUMOUSEMSG@@XZ) 中被引用
EasyXw.lib(EasyX.InputBox.obj) : error LNK2001: 无法解析的外部符号 __imp_SendMessageW
EasyXw.lib(EasyX.GraphWnd.obj) : error LNK2019: 无法解析的外部符号 __imp_PostMessageW，该符号在函数 "private: static __int64 __cdecl EasyX::GraphWnd::WndProc(struct HWND__ *,unsigned int,unsigned __int64,__int64)" (?WndProc@GraphWnd@EasyX@@CA_JPEAUHWND__@@I_K_J@Z) 中被引用
EasyXw.lib(EasyX.InputBox.obj) : error LNK2001: 无法解析的外部符号 __imp_PostMessageW
EasyXw.lib(EasyX.GraphWnd.obj) : error LNK2019: 无法解析的外部符号 __imp_DefWindowProcW，该符号在函数 "private: static __int64 __cdecl EasyX::GraphWnd::WndProc(struct HWND__ *,unsigned int,unsigned __int64,__int64)" (?WndProc@GraphWnd@EasyX@@CA_JPEAUHWND__@@I_K_J@Z) 中被引用
EasyXw.lib(EasyX.InputBox.obj) : error LNK2001: 无法解析的外部符号 __imp_DefWindowProcW
EasyXw.lib(EasyX.GraphWnd.obj) : error LNK2019: 无法解析的外部符号 __imp_PostQuitMessage，该符号在函数 "private: static __int64 __cdecl EasyX::GraphWnd::WndProc(struct HWND__ *,unsigned int,unsigned __int64,__int64)" (?WndProc@GraphWnd@EasyX@@CA_JPEAUHWND__@@I_K_J@Z) 中被引用
EasyXw.lib(EasyX.InputBox.obj) : error LNK2001: 无法解析的外部符号 __imp_PostQuitMessage
EasyXw.lib(EasyX.GraphWnd.obj) : error LNK2019: 无法解析的外部符号 __imp_UnregisterClassW，该符号在函数 "private: static unsigned long __cdecl EasyX::GraphWnd::ThreadFunc(void *)" (?ThreadFunc@GraphWnd@EasyX@@CAKPEAX@Z) 中被引用
EasyXw.lib(EasyX.GraphWnd.obj) : error LNK2019: 无法解析的外部符号 __imp_RegisterClassExW，该符号在函数 "private: static unsigned long __cdecl EasyX::GraphWnd::ThreadFunc(void *)" (?ThreadFunc@GraphWnd@EasyX@@CAKPEAX@Z) 中被引用
EasyXw.lib(EasyX.InputBox.obj) : error LNK2001: 无法解析的外部符号 __imp_RegisterClassExW
EasyXw.lib(EasyX.GraphWnd.obj) : error LNK2019: 无法解析的外部符号 __imp_CreateWindowExW，该符号在函数 "private: static unsigned long __cdecl EasyX::GraphWnd::ThreadFunc(void *)" (?ThreadFunc@GraphWnd@EasyX@@CAKPEAX@Z) 中被引用
EasyXw.lib(EasyX.InputBox.obj) : error LNK2001: 无法解析的外部符号 __imp_CreateWindowExW
EasyXw.lib(EasyX.GraphWnd.obj) : error LNK2019: 无法解析的外部符号 __imp_DestroyWindow，该符号在函数 "public: void __cdecl EasyX::GraphWnd::CloseGraphWnd(void)" (?CloseGraphWnd@GraphWnd@EasyX@@QEAAXXZ) 中被引用
EasyXw.lib(EasyX.InputBox.obj) : error LNK2001: 无法解析的外部符号 __imp_DestroyWindow
EasyXw.lib(EasyX.GraphWnd.obj) : error LNK2019: 无法解析的外部符号 __imp_ShowWindow，该符号在函数 "public: void __cdecl EasyX::GraphWnd::CloseGraphWnd(void)" (?CloseGraphWnd@GraphWnd@EasyX@@QEAAXXZ) 中被引用
EasyXw.lib(EasyX.InputBox.obj) : error LNK2001: 无法解析的外部符号 __imp_ShowWindow
EasyXw.lib(EasyX.GraphWnd.obj) : error LNK2019: 无法解析的外部符号 __imp_SetWindowPos，该符号在函数 "public: void __cdecl EasyX::GraphWnd::CloseGraphWnd(void)" (?CloseGraphWnd@GraphWnd@EasyX@@QEAAXXZ) 中被引用
EasyXw.lib(EasyX.GraphWnd.obj) : error LNK2019: 无法解析的外部符号 __imp_IsWindowVisible，该符号在函数 "public: void __cdecl EasyX::GraphWnd::CloseGraphWnd(void)" (?CloseGraphWnd@GraphWnd@EasyX@@QEAAXXZ) 中被引用
EasyXw.lib(EasyX.GraphWnd.obj) : error LNK2019: 无法解析的外部符号 __imp_GetDC，该符号在函数 "public: struct HWND__ * __cdecl EasyX::GraphWnd::InitGraphWnd(int,int,int)" (?InitGraphWnd@GraphWnd@EasyX@@QEAAPEAUHWND__@@HHH@Z) 中被引用
EasyXw.lib(EasyX.DrawOnImg.obj) : error LNK2001: 无法解析的外部符号 __imp_GetDC
EasyXw.lib(EasyX.GraphWnd.obj) : error LNK2019: 无法解析的外部符号 __imp_ReleaseDC，该符号在函数 "public: void __cdecl EasyX::GraphWnd::CloseGraphWnd(void)" (?CloseGraphWnd@GraphWnd@EasyX@@QEAAXXZ) 中被引用
EasyXw.lib(EasyX.DrawOnImg.obj) : error LNK2001: 无法解析的外部符号 __imp_ReleaseDC
EasyXw.lib(EasyX.GraphWnd.obj) : error LNK2019: 无法解析的外部符号 __imp_ValidateRect，该符号在函数 "private: static __int64 __cdecl EasyX::GraphWnd::WndProc(struct HWND__ *,unsigned int,unsigned __int64,__int64)" (?WndProc@GraphWnd@EasyX@@CA_JPEAUHWND__@@I_K_J@Z) 中被引用
EasyXw.lib(EasyX.GraphWnd.obj) : error LNK2019: 无法解析的外部符号 __imp_GetWindowRect，该符号在函数 "public: void __cdecl EasyX::GraphWnd::CloseGraphWnd(void)" (?CloseGraphWnd@GraphWnd@EasyX@@QEAAXXZ) 中被引用
EasyXw.lib(EasyX.InputBox.obj) : error LNK2001: 无法解析的外部符号 __imp_GetWindowRect
EasyXw.lib(EasyX.GraphWnd.obj) : error LNK2019: 无法解析的外部符号 __imp_AdjustWindowRectEx，该符号在函数 "public: virtual void __cdecl EasyX::GraphWnd::Resize(int,int)" (?Resize@GraphWnd@EasyX@@UEAAXHH@Z) 中被引用
EasyXw.lib(EasyX.InputBox.obj) : error LNK2001: 无法解析的外部符号 __imp_AdjustWindowRectEx
EasyXw.lib(EasyX.GraphWnd.obj) : error LNK2019: 无法解析的外部符号 __imp_ScreenToClient，该符号在函数 "private: static __int64 __cdecl EasyX::GraphWnd::WndProc(struct HWND__ *,unsigned int,unsigned __int64,__int64)" (?WndProc@GraphWnd@EasyX@@CA_JPEAUHWND__@@I_K_J@Z) 中被引用
EasyXw.lib(EasyX.GraphWnd.obj) : error LNK2019: 无法解析的外部符号 __imp_LoadCursorW，该符号在函数 "private: static unsigned long __cdecl EasyX::GraphWnd::ThreadFunc(void *)" (?ThreadFunc@GraphWnd@EasyX@@CAKPEAX@Z) 中被引用
EasyXw.lib(EasyX.InputBox.obj) : error LNK2001: 无法解析的外部符号 __imp_LoadCursorW
EasyXw.lib(EasyX.GraphWnd.obj) : error LNK2019: 无法解析的外部符号 __imp_DestroyIcon，该符号在函数 "private: static unsigned long __cdecl EasyX::GraphWnd::ThreadFunc(void *)" (?ThreadFunc@GraphWnd@EasyX@@CAKPEAX@Z) 中被引用
EasyXw.lib(EasyX.GraphWnd.obj) : error LNK2019: 无法解析的外部符号 __imp_ExtractIconW，该符号在函数 "private: static unsigned long __cdecl EasyX::GraphWnd::ThreadFunc(void *)" (?ThreadFunc@GraphWnd@EasyX@@CAKPEAX@Z) 中被引用
EasyXw.lib(EasyX.InputBox.obj) : error LNK2019: 无法解析的外部符号 __imp_GetMessageW，该符号在函数 "public: bool __cdecl CInputBox::DoModal(void)" (?DoModal@CInputBox@@QEAA_NXZ) 中被引用
EasyXw.lib(EasyX.InputBox.obj) : error LNK2019: 无法解析的外部符号 __imp_GetClassInfoExW，该符号在函数 "public: __cdecl CInputBox::CInputBox(struct HWND__ *,wchar_t *,int,wchar_t const *,wchar_t const *,wchar_t const *,int,int,bool)" (??0CInputBox@@QEAA@PEAUHWND__@@PEA_WHPEB_W22HH_N@Z) 中被引用
EasyXw.lib(EasyX.InputBox.obj) : error LNK2019: 无法解析的外部符号 __imp_SetFocus，该符号在函数 "public: bool __cdecl CInputBox::DoModal(void)" (?DoModal@CInputBox@@QEAA_NXZ) 中被引用
EasyXw.lib(EasyX.InputBox.obj) : error LNK2019: 无法解析的外部符号 __imp_GetFocus，该符号在函数 "public: bool __cdecl CInputBox::DoModal(void)" (?DoModal@CInputBox@@QEAA_NXZ) 中被引用
EasyXw.lib(EasyX.InputBox.obj) : error LNK2019: 无法解析的外部符号 __imp_GetKeyState，该符号在函数 "public: bool __cdecl CInputBox::DoModal(void)" (?DoModal@CInputBox@@QEAA_NXZ) 中被引用
EasyXw.lib(EasyX.InputBox.obj) : error LNK2019: 无法解析的外部符号 __imp_EnableWindow，该符号在函数 "public: bool __cdecl CInputBox::DoModal(void)" (?DoModal@CInputBox@@QEAA_NXZ) 中被引用
EasyXw.lib(EasyX.InputBox.obj) : error LNK2019: 无法解析的外部符号 __imp_DrawTextW，该符号在函数 "public: __cdecl CInputBox::CInputBox(struct HWND__ *,wchar_t *,int,wchar_t const *,wchar_t const *,wchar_t const *,int,int,bool)" (??0CInputBox@@QEAA@PEAUHWND__@@PEA_WHPEB_W22HH_N@Z) 中被引用
EasyXw.lib(EasyX.DrawOnImg.obj) : error LNK2001: 无法解析的外部符号 __imp_DrawTextW
EasyXw.lib(EasyX.InputBox.obj) : error LNK2019: 无法解析的外部符号 __imp_UpdateWindow，该符号在函数 "public: bool __cdecl CInputBox::DoModal(void)" (?DoModal@CInputBox@@QEAA_NXZ) 中被引用
EasyXw.lib(EasyX.InputBox.obj) : error LNK2019: 无法解析的外部符号 __imp_SetForegroundWindow，该符号在函数 "public: bool __cdecl CInputBox::DoModal(void)" (?DoModal@CInputBox@@QEAA_NXZ) 中被引用
EasyXw.lib(EasyX.InputBox.obj) : error LNK2019: 无法解析的外部符号 __imp_GetWindowTextW，该符号在函数 "public: bool __cdecl CInputBox::DoModal(void)" (?DoModal@CInputBox@@QEAA_NXZ) 中被引用
EasyXw.lib(EasyX.InputBox.obj) : error LNK2019: 无法解析的外部符号 __imp_GetWindowTextLengthW，该符号在函数 "public: bool __cdecl CInputBox::DoModal(void)" (?DoModal@CInputBox@@QEAA_NXZ) 中被引用
EasyXw.lib(EasyX.InputBox.obj) : error LNK2019: 无法解析的外部符号 __imp_GetClientRect，该符号在函数 "private: void __cdecl CInputBox::OnInitDialog(struct HWND__ *)" (?OnInitDialog@CInputBox@@AEAAXPEAUHWND__@@@Z) 中被引用
EasyXw.lib(EasyX.InputBox.obj) : error LNK2019: 无法解析的外部符号 __imp_SystemParametersInfoW，该符号在函数 "public: bool __cdecl CInputBox::DoModal(void)" (?DoModal@CInputBox@@QEAA_NXZ) 中被引用
EasyXw.lib(EasyX.GdiPlus.obj) : error LNK2019: 无法解析的外部符号 __imp_CoUninitialize，该符号在函数 "void __cdecl GdiPlus::Shutdown(void)" (?Shutdown@GdiPlus@@YAXXZ) 中被引用
EasyXw.lib(EasyX.GdiPlus.obj) : error LNK2019: 无法解析的外部符号 __imp_CoInitialize，该符号在函数 "void __cdecl GdiPlus::Startup(void)" (?Startup@GdiPlus@@YAXXZ) 中被引用
EasyXw.lib(EasyX.DrawOnImg.obj) : error LNK2019: 无法解析的外部符号 __imp_Arc，该符号在函数 "public: virtual void __cdecl EasyX::DrawOnImg::arc(int,int,int,int,double,double)" (?arc@DrawOnImg@EasyX@@UEAAXHHHHNN@Z) 中被引用
EasyXw.lib(EasyX.DrawOnImg.obj) : error LNK2019: 无法解析的外部符号 __imp_CreateBitmap，该符号在函数 "public: virtual void __cdecl EasyX::DrawOnImg::setfillstyle(class FILLSTYLE const *)" (?setfillstyle@DrawOnImg@EasyX@@UEAAXPEBVFILLSTYLE@@@Z) 中被引用
EasyXw.lib(EasyX.DrawOnImg.obj) : error LNK2019: 无法解析的外部符号 __imp_CreateBrushIndirect，该符号在函数 "public: virtual void __cdecl EasyX::DrawOnImg::setfillstyle(class FILLSTYLE const *)" (?setfillstyle@DrawOnImg@EasyX@@UEAAXPEBVFILLSTYLE@@@Z) 中被引用
EasyXw.lib(EasyX.DrawOnImg.obj) : error LNK2019: 无法解析的外部符号 __imp_CreateRectRgn，该符号在函数 "public: virtual void __cdecl EasyX::DrawOnImg::clearcliprgn(void)" (?clearcliprgn@DrawOnImg@EasyX@@UEAAXXZ) 中被引用
EasyXw.lib(EasyX.DrawOnImg.obj) : error LNK2019: 无法解析的外部符号 __imp_Ellipse，该符号在函数 "public: virtual void __cdecl EasyX::DrawOnImg::fillcircle(int,int,int)" (?fillcircle@DrawOnImg@EasyX@@UEAAXHHH@Z) 中被引用
EasyXw.lib(EasyX.DrawOnImg.obj) : error LNK2019: 无法解析的外部符号 __imp_ExtFloodFill，该符号在函数 "public: virtual void __cdecl EasyX::DrawOnImg::floodfill(int,int,unsigned long,int)" (?floodfill@DrawOnImg@EasyX@@UEAAXHHKH@Z) 中被引用
EasyXw.lib(EasyX.DrawOnImg.obj) : error LNK2019: 无法解析的外部符号 __imp_FillRgn，该符号在函数 "public: virtual void __cdecl EasyX::DrawOnImg::clearcliprgn(void)" (?clearcliprgn@DrawOnImg@EasyX@@UEAAXXZ) 中被引用
EasyXw.lib(EasyX.DrawOnImg.obj) : error LNK2019: 无法解析的外部符号 __imp_GetROP2，该符号在函数 "public: virtual int __cdecl EasyX::DrawOnImg::getrop2(void)" (?getrop2@DrawOnImg@EasyX@@UEAAHXZ) 中被引用
EasyXw.lib(EasyX.DrawOnImg.obj) : error LNK2019: 无法解析的外部符号 __imp_GetBkMode，该符号在函数 "public: virtual int __cdecl EasyX::DrawOnImg::getbkmode(void)" (?getbkmode@DrawOnImg@EasyX@@UEAAHXZ) 中被引用
EasyXw.lib(EasyX.DrawOnImg.obj) : error LNK2019: 无法解析的外部符号 __imp_GetClipRgn，该符号在函数 "public: virtual void __cdecl EasyX::DrawOnImg::clearcliprgn(void)" (?clearcliprgn@DrawOnImg@EasyX@@UEAAXXZ) 中被引用
EasyXw.lib(EasyX.DrawOnImg.obj) : error LNK2019: 无法解析的外部符号 __imp_GetCurrentObject，该符号在函数 "public: virtual void __cdecl EasyX::DrawOnImg::gettextstyle(struct tagLOGFONTW *)" (?gettextstyle@DrawOnImg@EasyX@@UEAAXPEAUtagLOGFONTW@@@Z) 中被引用
EasyXw.lib(EasyX.DrawOnImg.obj) : error LNK2019: 无法解析的外部符号 __imp_GetDIBits，该符号在函数 "protected: void * __cdecl EasyX::DrawOnImg::DDBToDIB(class IMAGE *,unsigned long,struct HPALETTE__ *)" (?DDBToDIB@DrawOnImg@EasyX@@IEAAPEAXPEAVIMAGE@@KPEAUHPALETTE__@@@Z) 中被引用
EasyXw.lib(EasyX.DrawOnImg.obj) : error LNK2019: 无法解析的外部符号 __imp_GetPixel，该符号在函数 "public: virtual unsigned long __cdecl EasyX::DrawOnImg::getpixel(int,int)" (?getpixel@DrawOnImg@EasyX@@UEAAKHH@Z) 中被引用
EasyXw.lib(EasyX.DrawOnImg.obj) : error LNK2019: 无法解析的外部符号 __imp_GetPolyFillMode，该符号在函数 "public: virtual int __cdecl EasyX::DrawOnImg::getpolyfillmode(void)" (?getpolyfillmode@DrawOnImg@EasyX@@UEAAHXZ) 中被引用
EasyXw.lib(EasyX.DrawOnImg.obj) : error LNK2019: 无法解析的外部符号 __imp_GetTextExtentPoint32W，该符号在函数 "public: virtual int __cdecl EasyX::DrawOnImg::textheight(wchar_t const *)" (?textheight@DrawOnImg@EasyX@@UEAAHPEB_W@Z) 中被引用
EasyXw.lib(EasyX.DrawOnImg.obj) : error LNK2019: 无法解析的外部符号 __imp_LineTo，该符号在函数 "public: virtual void __cdecl EasyX::DrawOnImg::line(int,int,int,int)" (?line@DrawOnImg@EasyX@@UEAAXHHHH@Z) 中被引用
EasyXw.lib(EasyX.DrawOnImg.obj) : error LNK2019: 无法解析的外部符号 __imp_Pie，该符号在函数 "public: virtual void __cdecl EasyX::DrawOnImg::fillpie(int,int,int,int,double,double)" (?fillpie@DrawOnImg@EasyX@@UEAAXHHHHNN@Z) 中被引用
EasyXw.lib(EasyX.DrawOnImg.obj) : error LNK2019: 无法解析的外部符号 __imp_Rectangle，该符号在函数 "public: virtual void __cdecl EasyX::DrawOnImg::fillrectangle(int,int,int,int)" (?fillrectangle@DrawOnImg@EasyX@@UEAAXHHHH@Z) 中被引用
EasyXw.lib(EasyX.DrawOnImg.obj) : error LNK2019: 无法解析的外部符号 __imp_RealizePalette，该符号在函数 "protected: void * __cdecl EasyX::DrawOnImg::DDBToDIB(class IMAGE *,unsigned long,struct HPALETTE__ *)" (?DDBToDIB@DrawOnImg@EasyX@@IEAAPEAXPEAVIMAGE@@KPEAUHPALETTE__@@@Z) 中被引用
EasyXw.lib(EasyX.DrawOnImg.obj) : error LNK2019: 无法解析的外部符号 __imp_RoundRect，该符号在函数 "public: virtual void __cdecl EasyX::DrawOnImg::fillroundrect(int,int,int,int,int,int)" (?fillroundrect@DrawOnImg@EasyX@@UEAAXHHHHHH@Z) 中被引用
EasyXw.lib(EasyX.DrawOnImg.obj) : error LNK2019: 无法解析的外部符号 __imp_SelectPalette，该符号在函数 "protected: void * __cdecl EasyX::DrawOnImg::DDBToDIB(class IMAGE *,unsigned long,struct HPALETTE__ *)" (?DDBToDIB@DrawOnImg@EasyX@@IEAAPEAXPEAVIMAGE@@KPEAUHPALETTE__@@@Z) 中被引用
EasyXw.lib(EasyX.DrawOnImg.obj) : error LNK2019: 无法解析的外部符号 __imp_SetPixelV，该符号在函数 "public: virtual void __cdecl EasyX::DrawOnImg::putpixel(int,int,unsigned long)" (?putpixel@DrawOnImg@EasyX@@UEAAXHHK@Z) 中被引用
EasyXw.lib(EasyX.DrawOnImg.obj) : error LNK2019: 无法解析的外部符号 __imp_SetPolyFillMode，该符号在函数 "public: virtual void __cdecl EasyX::DrawOnImg::setpolyfillmode(int)" (?setpolyfillmode@DrawOnImg@EasyX@@UEAAXH@Z) 中被引用
EasyXw.lib(EasyX.DrawOnImg.obj) : error LNK2019: 无法解析的外部符号 __imp_SetROP2，该符号在函数 "public: virtual void __cdecl EasyX::DrawOnImg::setrop2(int)" (?setrop2@DrawOnImg@EasyX@@UEAAXH@Z) 中被引用
EasyXw.lib(EasyX.DrawOnImg.obj) : error LNK2019: 无法解析的外部符号 __imp_ExtCreatePen，该符号在函数 "public: virtual void __cdecl EasyX::DrawOnImg::setlinestyle(class LINESTYLE const *)" (?setlinestyle@DrawOnImg@EasyX@@UEAAXPEBVLINESTYLE@@@Z) 中被引用
EasyXw.lib(EasyX.DrawOnImg.obj) : error LNK2019: 无法解析的外部符号 __imp_GetObjectW，该符号在函数 "protected: void * __cdecl EasyX::DrawOnImg::DDBToDIB(class IMAGE *,unsigned long,struct HPALETTE__ *)" (?DDBToDIB@DrawOnImg@EasyX@@IEAAPEAXPEAVIMAGE@@KPEAUHPALETTE__@@@Z) 中被引用
EasyXw.lib(EasyX.DrawOnImg.obj) : error LNK2019: 无法解析的外部符号 __imp_TextOutW，该符号在函数 "public: virtual void __cdecl EasyX::DrawOnImg::outtextxy(int,int,wchar_t const *)" (?outtextxy@DrawOnImg@EasyX@@UEAAXHHPEB_W@Z) 中被引用
EasyXw.lib(EasyX.DrawOnImg.obj) : error LNK2019: 无法解析的外部符号 __imp_Polygon，该符号在函数 "public: virtual void __cdecl EasyX::DrawOnImg::fillpolygon(struct tagPOINT const *,int)" (?fillpolygon@DrawOnImg@EasyX@@UEAAXPEBUtagPOINT@@H@Z) 中被引用
EasyXw.lib(EasyX.DrawOnImg.obj) : error LNK2019: 无法解析的外部符号 __imp_Polyline，该符号在函数 "public: virtual void __cdecl EasyX::DrawOnImg::polyline(struct tagPOINT const *,int)" (?polyline@DrawOnImg@EasyX@@UEAAXPEBUtagPOINT@@H@Z) 中被引用
EasyXw.lib(EasyX.DrawOnImg.obj) : error LNK2019: 无法解析的外部符号 __imp_PolyBezier，该符号在函数 "public: virtual void __cdecl EasyX::DrawOnImg::polybezier(struct tagPOINT const *,int)" (?polybezier@DrawOnImg@EasyX@@UEAAXPEBUtagPOINT@@H@Z) 中被引用
E:\C++_Test\Fireworks\x64\Debug\Fireworks.exe : fatal error LNK1120: 87 个无法解析的外部命令
